C51 COMPILER V9.60.0.0   DHT11                                                             06/17/2022 18:50:54 PAGE 1   


C51 COMPILER V9.60.0.0, COMPILATION OF MODULE DHT11
OBJECT MODULE PLACED IN .\Objects\dht11.obj
COMPILER INVOKED BY: D:\APP\Keil_v5\C51\BIN\C51.EXE src\dht11.c LARGE OPTIMIZE(8,SPEED) BROWSE INCDIR(.\src) DEBUG OBJEC
                    -TEXTEND PRINT(.\Listings\dht11.lst) TABS(2) OBJECT(.\Objects\dht11.obj)

line level    source

   1          #include <STC12C5A60S2.H>
   2          #include <delay.h>
   3          
   4          sbit DATA = P0^0;                      //DHT11温湿度传感器接单片机的P00口
   5          unsigned char Data_TH[5];              //温湿度未格式化数据，包括温湿度、校验值，[0]
             -度整数、[1]湿度小数、[2]温度整数、[3]温度小数、[4]校验值
   6          extern char Data_All[4][6];            //总数据，包括温度、湿度、光照强度，[0]温度、[1
             -]湿度、[2]光照强度、[3]人体感应
   7          
   8          /**
   9            * @brief  获取DHT11温湿度传感器的数据
  10            * @param  无
  11            * @retval 0：成功，-1、-2、-3、-4：失败
  12            */
  13          char DHT11_GetData()
  14          {
  15   1        int i, j;                   //for循环变量
  16   1        int t;                      //超时判断
  17   1        unsigned char data_char;    //一次读取的一个字符
  18   1        
  19   1        DATA = 0;                   //主机发开始信号，拉低总线
  20   1        Delay20ms();                //主机拉低总线至少18ms
  21   1        DATA = 1;                   //主机拉高总线20~40us
  22   1        Delay30us();
  23   1        
  24   1        t = 80;                     //设置超时等待时间
  25   1        while(DATA && t--);         //等待DHT11拉低总线
  26   1        if(t == 0)                  //超时
  27   1        {
  28   2          DATA = 1;
  29   2          return -1;                //通信错误退出，返回错误信号：-1
  30   2        }
  31   1        
  32   1        //等80us响应信号
  33   1        t = 250;                    //设置超时等待时间
  34   1        while(!DATA && t--);        //等待DHT11拉高总线
  35   1        if(t == 0)                  //超时
  36   1        {
  37   2          DATA = 1;
  38   2          return -2;                //通信错误退出，返回错误信号：-2
  39   2        }
  40   1      
  41   1        //等80us响应信号
  42   1        t = 250;                    //设置超时等待时间
  43   1        while(DATA && t--);         //等待DHT11拉低总线
  44   1        if(t == 0)                  //超时
  45   1        {
  46   2          DATA = 1;
  47   2          return -3;                //通信错误退出，返回错误信号：-3
  48   2        }
  49   1        
  50   1        //读取DHT11的数据
  51   1        for(i=0; i<5; i++)          //共5次读取，分别读取：湿度整数、湿度小数、温度整数
             -温度小数、校验值
C51 COMPILER V9.60.0.0   DHT11                                                             06/17/2022 18:50:54 PAGE 2   

  52   1        {
  53   2          for(j=0; j<8; j++)        //1次8个位，即1次1个字符
  54   2          {
  55   3            //等待50us开始时隙
  56   3            t = 150;                //设置超时等待时间
  57   3            while(!DATA && t--);    //等待DHT11拉高总线
  58   3            if(t == 0)              //超时
  59   3            {
  60   4              DATA = 1;
  61   4              return -4;            //通信错误退出，返回错误信号：-4
  62   4            }
  63   3            t = 0;                  //记录时间清零
  64   3            while(DATA && ++t);     //等待并记录高电平持续时间
  65   3            data_char <<= 1;
  66   3            if(t > 30)              //高电平持续时间较长(70us)
  67   3              data_char += 1;       //传输值为1
  68   3          }
  69   2          Data_TH[i] = data_char;   //将数据存至Data_TH数组中
  70   2        }
  71   1        
  72   1        Delay30us();                //等待DHT11拉低50us
  73   1        Delay30us();
  74   1        DATA = 1;                   //结束，拉高总线
  75   1        return 0;                   //返回成功信号
  76   1      }
  77          
  78          /**
  79            * @brief  进行数据校验
  80            * @param  无
  81            * @retval 0：正确，-1：错误
  82            */
  83          char DHT11_Check()
  84          {
  85   1        int i;                      //for循环变量
  86   1        unsigned int check=0;       //校验和
  87   1        
  88   1        //累加
  89   1        for(i=0; i<4; i++)
  90   1          check += Data_TH[i];
  91   1        
  92   1        //比对
  93   1        if((unsigned char)check != Data_TH[4])
  94   1          return -1;                //返回错误信号：-1
  95   1        else
  96   1          return 0;                 //返回正确信号：0
  97   1      }
  98          
  99          /**
 100            * @brief  获取温度和湿度数据，并格式化
 101            * @param  无
 102            * @retval 0：无错误，-1、-2：有错误
 103            */
 104          char DHT11_GetTemperatureAndHumidity()
 105          {
 106   1        if(DHT11_GetData() != 0) //有错误
 107   1        {
 108   2          return -1;
 109   2        }
 110   1        if(DHT11_Check() != 0) //有错误
 111   1        {
 112   2          return -2;
 113   2        }
C51 COMPILER V9.60.0.0   DHT11                                                             06/17/2022 18:50:54 PAGE 3   

 114   1        //无错误，格式化数据
 115   1        Data_All[0][0] = Data_TH[2]/10+'0';   //温度十位数
 116   1        Data_All[0][1] = Data_TH[2]%10+'0';   //温度个位数
 117   1        Data_All[0][2] = '\0';
 118   1        Data_All[1][0] = Data_TH[0]/10+'0';   //湿度十位数
 119   1        Data_All[1][1] = Data_TH[0]%10+'0';   //湿度个位数
 120   1        Data_All[1][2] = '\0';
 121   1        return 0;
 122   1      }


MODULE INFORMATION:   STATIC OVERLAYABLE
   CODE SIZE        =    355    ----
   CONSTANT SIZE    =   ----    ----
   XDATA SIZE       =      5       3
   PDATA SIZE       =   ----    ----
   DATA SIZE        =   ----    ----
   IDATA SIZE       =   ----    ----
   BIT SIZE         =   ----    ----
END OF MODULE INFORMATION.


C51 COMPILATION COMPLETE.  0 WARNING(S),  0 ERROR(S)
