C51 COMPILER V9.60.0.0   ESP8266                                                           06/17/2022 18:50:54 PAGE 1   


C51 COMPILER V9.60.0.0, COMPILATION OF MODULE ESP8266
OBJECT MODULE PLACED IN .\Objects\esp8266.obj
COMPILER INVOKED BY: D:\APP\Keil_v5\C51\BIN\C51.EXE src\esp8266.c LARGE OPTIMIZE(8,SPEED) BROWSE INCDIR(.\src) DEBUG OBJ
                    -ECTEXTEND PRINT(.\Listings\esp8266.lst) TABS(2) OBJECT(.\Objects\esp8266.obj)

line level    source

   1          #include <string.h>
   2          #include <delay.h>
   3          #include <uart.h>
   4          
   5          extern char Data_All[4][6];   //æ€»æ•°æ®ï¼ŒåŒ…æ‹¬æ¸©åº¦ã€æ¹¿åº¦ã€å…‰ç…§å¼ºåº¦ï¼Œ[0]æ¸©åº¦ã€[1]æ¹¿åº¦ã€
             -[2]å…‰ç…§å¼ºåº¦ã€[3]äººä½“æ„Ÿåº”
   6          
   7          /**
   8            * @brief  ESP8266åˆå§‹åŒ–å‡½æ•°
   9            * @param  æ— 
  10            * @retval æ— 
  11            */
  12          void ESP8266_Init()
  13          {
  14   1        //è®¾ç½®æ³¢ç‰¹ç‡ä¸º9600
  15   1        //Uart1_SendString("AT+UART=9600,8,1,0,0\r\n");
  16   1        //Delay_s(2);
  17   1        
  18   1        //è®¾ç½®ä¸ºSTA+APæ¨¡å¼ï¼Œå³å¯ä½œä¸ºå®¢æˆ·ç«¯ï¼Œä¹Ÿå¯ä½œä¸ºæœåŠ¡ç«¯
  19   1        //Uart1_SendString("AT+CWMODE=3\r\n");
  20   1        //Delay_s(2);
  21   1        
  22   1        //è¿æ¥WiFi
  23   1        //Uart1_SendString("AT+CWJAP=\"xiumu\",\"123456xiumu\"\r\n");
  24   1        //Delay_s(2);
  25   1        
  26   1        //è®¾ç½®æ—¶åŸŸå’ŒSNTPæœåŠ¡å™¨
  27   1        Uart1_SendString("AT+CIPSNTPCFG=1,8,\"ntp1.aliyun.com\"\r\n");
  28   1        Delay_s(2);
  29   1        
  30   1        //é…ç½®MQTTç”¨æˆ·å±æ€§
  31   1        Uart1_SendString("AT+MQTTUSERCFG=0,1,\"NULL\",\"ESP8266&hbwva3ZqZy3\",\"E3FE6E3EDE52D12C34FBE4944F2EF3EF2
             -EB1C457\",0,0,\"\"\r\n");
  32   1        Delay_s(2);
  33   1        
  34   1        //é…ç½®MQTTå®¢æˆ·ç«¯ID
  35   1        Uart1_SendString("AT+MQTTCLIENTID=0,\"02020|securemode=3\\,signmethod=hmacsha1|\"\r\n");
  36   1        Delay_s(2);
  37   1        
  38   1        //è¿æ¥MQTT Broker
  39   1        Uart1_SendString("AT+MQTTCONN=0,\"hbwva3ZqZy3.iot-as-mqtt.cn-shanghai.aliyuncs.com\",1883,1\r\n");
  40   1        Delay_s(2);
  41   1      }
  42          
  43          /**
  44            * @brief  //ESP8266å‘äº‘æœåŠ¡å™¨å‘é€æ€»æ•°æ®ï¼ŒåŒ…æ‹¬æ¸©åº¦ã€æ¹¿åº¦ã€å…‰ç…§å¼ºåº¦
  45            * @param  æ— 
  46            * @retval æ— 
  47            */
  48          void ESP8266_SendDataAll()
  49          {
  50   1        char str[250] = "AT+MQTTPUB=0,\"/sys/hbwva3ZqZy3/ESP8266/thing/event/property/post\",\"{\\\"method\\\":\\
             -\"thing.event.property.post\\\"\\,\\\"params\\\":{\\\"Temperature\\\":";
  51   1        strcat(str, Data_All[0]); //æ¸©åº¦
C51 COMPILER V9.60.0.0   ESP8266                                                           06/17/2022 18:50:54 PAGE 2   

  52   1        strcat(str, "\\,\\\"Humidity\\\":");
  53   1        strcat(str, Data_All[1]); //æ¹¿åº¦
  54   1        strcat(str, "\\,\\\"LightIntensity\\\":");
  55   1        strcat(str, Data_All[2]); //å…‰ç…§å¼ºåº¦
  56   1        strcat(str, "\\,\\\"HumanBodyInduction\\\":");
  57   1        strcat(str, Data_All[3]); //äººä½“æ„Ÿåº”
  58   1        strcat(str, "}}\",1,0\r\n");
  59   1        Uart1_SendString(str);
  60   1        Delay_s(1);
  61   1      }


MODULE INFORMATION:   STATIC OVERLAYABLE
   CODE SIZE        =    283    ----
   CONSTANT SIZE    =    599    ----
   XDATA SIZE       =   ----     250
   PDATA SIZE       =   ----    ----
   DATA SIZE        =   ----    ----
   IDATA SIZE       =   ----    ----
   BIT SIZE         =   ----    ----
END OF MODULE INFORMATION.


C51 COMPILATION COMPLETE.  0 WARNING(S),  0 ERROR(S)
