C51 COMPILER V9.60.0.0   UART                                                              06/03/2022 18:35:02 PAGE 1   


C51 COMPILER V9.60.0.0, COMPILATION OF MODULE UART
OBJECT MODULE PLACED IN .\Objects\uart.obj
COMPILER INVOKED BY: D:\APP\Keil_v5\C51\BIN\C51.EXE src\uart.c LARGE OPTIMIZE(8,SPEED) BROWSE INCDIR(.\src) DEBUG OBJECT
                    -EXTEND PRINT(.\Listings\uart.lst) TABS(2) OBJECT(.\Objects\uart.obj)

line level    source

   1          #include <STC12C5A60S2.H>
   2          
   3          /**
   4            * @brief  串口1初始化函数，9600bps@11.0592MHz
   5            * @param  无
   6            * @retval 无
   7            */
   8          void Uart1_Init()
   9          {
  10   1        PCON &= 0x7F;   //波特率不倍速
  11   1        SCON = 0x50;    //8位数据,可变波特率
  12   1        AUXR |= 0x04;   //独立波特率发生器时钟1T模式
  13   1        BRT = 0xDC;     //设置独立波特率发生器重载值
  14   1        AUXR |= 0x01;   //串口1使用独立波特率发生器为波特率发生器
  15   1        AUXR |= 0x10;   //启动独立波特率发生器
  16   1        EA = 1;         //开总中断
  17   1        ES = 1;         //开串口1中断
  18   1      }
  19          
  20          /**
  21            * @brief  串口1发送一个字符数据
  22            * @param  ch：1个字符
  23            * @retval 无
  24            */
  25          void Uart1_SendChar(unsigned char ch)
  26          {
  27   1        TI = 0;
  28   1        SBUF = ch;
  29   1        while(!TI);
  30   1        TI = 0;
  31   1      }
  32          
  33          /**
  34            * @brief  串口1发送一段字符串数据
  35            * @param  str：1段字符串
  36            * @retval 无
  37            */
  38          void Uart1_SendString(unsigned char *str)
  39          {
  40   1        while(*str != '\0')
  41   1        {
  42   2          Uart1_SendChar(*str);
  43   2          str++;
  44   2        }
  45   1      }
  46          
  47          /**
  48            * @brief  串口1中断函数模板
  49            * @param  无
  50            * @retval 无
  51            */
  52          /*
  53          void Uart1_Interrupt() interrupt 4
  54          {
C51 COMPILER V9.60.0.0   UART                                                              06/03/2022 18:35:02 PAGE 2   

  55            if(TI) //发送中断
  56            {
  57              TI = 0;
  58              //在此写处理程序
  59            }
  60            if(RI) //接收中断
  61            {
  62              RI = 0;
  63              //在此写处理程序
  64            }
  65          }
  66          */


MODULE INFORMATION:   STATIC OVERLAYABLE
   CODE SIZE        =     52    ----
   CONSTANT SIZE    =   ----    ----
   XDATA SIZE       =   ----    ----
   PDATA SIZE       =   ----    ----
   DATA SIZE        =   ----    ----
   IDATA SIZE       =   ----    ----
   BIT SIZE         =   ----    ----
END OF MODULE INFORMATION.


C51 COMPILATION COMPLETE.  0 WARNING(S),  0 ERROR(S)
