C51 COMPILER V9.60.0.0   DELAY                                                             06/06/2022 23:34:27 PAGE 1   


C51 COMPILER V9.60.0.0, COMPILATION OF MODULE DELAY
OBJECT MODULE PLACED IN .\Objects\delay.obj
COMPILER INVOKED BY: D:\APP\Keil_v5\C51\BIN\C51.EXE src\delay.c LARGE OPTIMIZE(8,SPEED) BROWSE INCDIR(.\src) DEBUG OBJEC
                    -TEXTEND PRINT(.\Listings\delay.lst) TABS(2) OBJECT(.\Objects\delay.obj)

line level    source

   1          #include <INTRINS.H>
   2          
   3          /**
   4            * @brief  通用延时函数，单位微秒us
   5            * @param  time：延时微秒数
   6            * @retval 无
   7            */
   8          void Delay_us(unsigned int time)
   9          {
  10   1        while(time--)
  11   1        {
  12   2          _nop_();
  13   2        }
  14   1      }
  15          
  16          /**
  17            * @brief  通用延时函数，单位毫秒ms
  18            * @param  time：延时毫秒数
  19            * @retval 无
  20            */
  21          void Delay_ms(unsigned int time)
  22          {
  23   1        unsigned char i, j;
  24   1        while(time--)
  25   1        {
  26   2          _nop_();
  27   2          i = 11;
  28   2          j = 190;
  29   2          do
  30   2          {
  31   3            while(--j);
  32   3          } while(--i);
  33   2        }
  34   1      }
  35          
  36          /**
  37            * @brief  通用延时函数，单位秒s
  38            * @param  time：延时秒数
  39            * @retval 无
  40            */
  41          void Delay_s(unsigned int time)
  42          {
  43   1        unsigned char i, j, k;
  44   1        while(time--)
  45   1        {
  46   2          i = 43;
  47   2          j = 6;
  48   2          k = 203;
  49   2          do
  50   2          {
  51   3            do
  52   3            {
  53   4              while(--k);
  54   4            } while(--j);
C51 COMPILER V9.60.0.0   DELAY                                                             06/06/2022 23:34:27 PAGE 2   

  55   3          } while(--i);
  56   2        }
  57   1      }
  58          
  59          /**
  60            * @brief  专用延时函数，延时5us
  61            * @param  无
  62            * @retval 无
  63            */
  64          void Delay5us()
  65          {
  66   1        unsigned char i;
  67   1        _nop_();
  68   1        _nop_();
  69   1        _nop_();
  70   1        i = 10;
  71   1        while(--i);
  72   1      }
  73          
  74          /**
  75            * @brief  专用延时函数，延时30us
  76            * @param  无
  77            * @retval 无
  78            */
  79          void Delay30us()
  80          {
  81   1        unsigned char i;
  82   1        i = 80;
  83   1        while(--i);
  84   1      }
  85          
  86          /**
  87            * @brief  专用延时函数，延时5ms
  88            * @param  无
  89            * @retval 无
  90            */
  91          void Delay5ms()
  92          {
  93   1        unsigned char i, j;
  94   1        _nop_();
  95   1        _nop_();
  96   1        i = 54;
  97   1        j = 198;
  98   1        do
  99   1        {
 100   2          while(--j);
 101   2        } while(--i);
 102   1      }
 103          
 104          /**
 105            * @brief  专用延时函数，延时20ms
 106            * @param  无
 107            * @retval 无
 108            */
 109          void Delay20ms()
 110          {
 111   1        unsigned char i, j;
 112   1        _nop_();
 113   1        _nop_();
 114   1        i = 216;
 115   1        j = 36;
 116   1        do
C51 COMPILER V9.60.0.0   DELAY                                                             06/06/2022 23:34:27 PAGE 3   

 117   1        {
 118   2          while(--j);
 119   2        } while(--i);
 120   1      }


MODULE INFORMATION:   STATIC OVERLAYABLE
   CODE SIZE        =     96    ----
   CONSTANT SIZE    =   ----    ----
   XDATA SIZE       =   ----    ----
   PDATA SIZE       =   ----    ----
   DATA SIZE        =   ----    ----
   IDATA SIZE       =   ----    ----
   BIT SIZE         =   ----    ----
END OF MODULE INFORMATION.


C51 COMPILATION COMPLETE.  0 WARNING(S),  0 ERROR(S)
