C51 COMPILER V9.60.0.0   MAIN                                                              06/17/2022 19:13:57 PAGE 1   


C51 COMPILER V9.60.0.0, COMPILATION OF MODULE MAIN
OBJECT MODULE PLACED IN .\Objects\main.obj
COMPILER INVOKED BY: D:\APP\Keil_v5\C51\BIN\C51.EXE src\main.c LARGE OPTIMIZE(8,SPEED) BROWSE INCDIR(.\src) DEBUG OBJECT
                    -EXTEND PRINT(.\Listings\main.lst) TABS(2) OBJECT(.\Objects\main.obj)

line level    source

   1          #include <STC12C5A60S2.H>
   2          #include <delay.h>
   3          #include <uart.h>
   4          #include <string.h>
   5          
   6          int Index; //å­—ç¬¦ä¸²æœ‰æ•ˆå­—ç¬¦çš„ç´¢å¼•
   7          char Message[250]; //ä¸²å£æ¥æ”¶çš„å­—ç¬¦ä¸²
   8          char MainLampSwitch='0', FanSwitch='0', AlarmSwitch='0'; //ä¸»ç¯å¼€å…³ã€é£æ‰‡å¼€å…³ã€è­¦æŠ¥å™¨å¼€å…³ï¼
             -Œ0å…³ã€1å¼€
   9          
  10          void StringInit(); //ä¸²å£æ¥æ”¶çš„å­—ç¬¦ä¸²åˆå§‹åŒ–
  11          
  12          void main()
  13          {
  14   1        Uart1_Init(); //ä¸²å£1åˆå§‹åŒ–
  15   1        StringInit(); //ä¸²å£æ¥æ”¶çš„å­—ç¬¦ä¸²åˆå§‹åŒ–
  16   1        P0M1 &= ~(1<<2), P0M0 |= (1<<2); //è®¾ç½®å•ç‰‡æœºP02å£ä¸ºå¼ºæ¨æŒ½è¾“å‡ºæ¨¡å¼
  17   1        while(1)
  18   1        {
  19   2          
  20   2        }
  21   1      }
  22          
  23          // ä¸²å£æ¥æ”¶çš„å­—ç¬¦ä¸²åˆå§‹åŒ–
  24          void StringInit()
  25          {
  26   1        int i;
  27   1        Index = 0;
  28   1        for(i=0; i<sizeof(Message); i++)
  29   1        {
  30   2          Message[i] = '\0';
  31   2        }
  32   1      }
  33          
  34          // ä¸²å£1ä¸­æ–­å‡½æ•°
  35          void Uart1_Interrupt() interrupt 4
  36          {
  37   1        if(TI) //å‘é€ä¸­æ–­
  38   1        {
  39   2          TI = 0;
  40   2          //åœ¨æ­¤å†™å¤„ç†ç¨‹åº
  41   2        }
  42   1        if(RI) //æ¥æ”¶ä¸­æ–­
  43   1        {
  44   2          int currentIndex = Index; //å½“å‰ç´¢å¼•
  45   2          RI = 0; //æ¥æ”¶ä¸­æ–­æ ‡å¿—ä½ç½®0
  46   2          //æ‹¼æ¥å­—ç¬¦ä¸²ï¼Œè‹¥å¼€å¤´ä¸º'+'ï¼Œåˆ™ç´¢å¼•åŠ ä¸€ç»§ç»­æ‹¼æ¥å­—ç¬¦ä¸²ï¼›å¦åˆ™ç»§ç»­å°†å­—ç¬¦æ”¾è‡³
             -ç´¢å¼•0å¤„
  47   2          Message[Index] = SBUF;
  48   2          if(Message[0] == '+')
  49   2            Index++;
  50   2          else
  51   2            Index=0;
  52   2          //å½“å­—ç¬¦ä¸²æ˜¯ä»¥'+'å¼€å¤´çš„æŒ‡ä»¤ï¼Œä¸”æ‹¼æ¥å®Œæœ€åä¸€ä¸ªå­—ç¬¦æ—¶
C51 COMPILER V9.60.0.0   MAIN                                                              06/17/2022 19:13:57 PAGE 2   

  53   2          if(currentIndex>0 && Message[currentIndex-1]=='\r' && Message[currentIndex]=='\n')
  54   2          {
  55   3            const char *info = "+MQTTSUBRECV"; //ä»äº‘æœåŠ¡å™¨å‘æ¥çš„æ§åˆ¶æŒ‡ä»¤æ˜¯ä»¥"+MQTTSUBRECV"å¼€å¤´çš„
  56   3            //è‹¥æ˜¯ä»¥"+MQTTSUBRECV"å¼€å¤´çš„æ§åˆ¶æŒ‡ä»¤ï¼Œåˆ™è¿›è¡Œå¼€å…³å‚æ•°çš„æå–ï¼Œå¹¶è¿›è¡Œç›¸åº”æ§åˆ¶
  57   3            if(strncmp(Message,info,12) == 0)
  58   3            {
  59   4              int i;
  60   4              char *s = NULL;
  61   4              const char *lamp = "\"MainLampSwitch\":";
  62   4              const char *fan = "\"FanSwitch\":";
  63   4              const char *alarm = "\"AlarmSwitch\":";
  64   4              //æå–å¼€å…³å‚æ•°
  65   4              for(i=130; Message[i+18]!='\r'; i++)
  66   4              {
  67   5                char *s = &Message[i];
  68   5                if(strncmp(s,lamp,17) == 0)
  69   5                {
  70   6                  MainLampSwitch = Message[i+17];
  71   6                }
  72   5                if(strncmp(s,fan,12) == 0)
  73   5                {
  74   6                  FanSwitch = Message[i+12];
  75   6                }
  76   5                if(strncmp(s,alarm,14) == 0)
  77   5                {
  78   6                  AlarmSwitch = Message[i+14];
  79   6                }
  80   5              }
  81   4              //æ§åˆ¶ä¸»ç¯å¼€å…³
  82   4              if(MainLampSwitch == '1')
  83   4              {
  84   5                P00 = 0;
  85   5              }
  86   4              else if(MainLampSwitch == '0')
  87   4              {
  88   5                P00 = 1;
  89   5              }
  90   4              //æ§åˆ¶é£æ‰‡å¼€å…³
  91   4              if(FanSwitch == '1')
  92   4              {
  93   5                P02 = 0;
  94   5              }
  95   4              else if(FanSwitch == '0')
  96   4              {
  97   5                P02 = 1;
  98   5              }
  99   4              //æ§åˆ¶æŠ¥è­¦å™¨å¼€å…³
 100   4              if(AlarmSwitch == '1')
 101   4              {
 102   5                P04 = 0;
 103   5              }
 104   4              else if(AlarmSwitch == '0')
 105   4              {
 106   5                P04 = 1;
 107   5              }
 108   4            }
 109   3            //æ¸…ç©ºå­—ç¬¦ä¸²ï¼Œåˆå§‹åŒ–
 110   3            StringInit();
 111   3          }
 112   2        }
 113   1      }

C51 COMPILER V9.60.0.0   MAIN                                                              06/17/2022 19:13:57 PAGE 3   


MODULE INFORMATION:   STATIC OVERLAYABLE
   CODE SIZE        =    665    ----
   CONSTANT SIZE    =     59    ----
   XDATA SIZE       =    255      22
   PDATA SIZE       =   ----    ----
   DATA SIZE        =   ----    ----
   IDATA SIZE       =   ----    ----
   BIT SIZE         =   ----    ----
END OF MODULE INFORMATION.


C51 COMPILATION COMPLETE.  0 WARNING(S),  0 ERROR(S)
